2023-02-15 23:45:34,310 - INFO - main - views - disburs added 
2023-02-15 23:48:36,764 - INFO - main - views - disburs seen 
2023-02-15 23:48:36,832 - INFO - main - views - disburs seen 
2023-02-15 23:56:43,463 - INFO - main - views - disburs seen 
2023-02-15 23:56:43,510 - INFO - main - views - disburs seen 
2023-02-15 23:58:43,763 - INFO - main - views - disburs seen 
2023-02-16 00:03:57,981 - INFO - main - views - disburs seen 
2023-02-16 00:03:57,997 - INFO - main - views - disburs seen 
2023-02-16 00:12:32,861 - INFO - main - views - disburs seen 
2023-02-16 00:12:32,884 - INFO - main - views - disburs seen 
2023-02-16 00:13:23,162 - INFO - main - views - disburs added 
2023-02-16 00:13:23,245 - INFO - main - views - disburs seen 
2023-02-16 00:13:23,279 - INFO - main - views - disburs seen 
2023-02-16 00:19:39,855 - INFO - main - views - disburs seen 
2023-02-16 00:19:39,898 - INFO - main - views - disburs seen 
2023-02-16 00:24:53,900 - INFO - main - views - disburs seen 
2023-02-16 00:24:53,936 - INFO - main - views - disburs seen 
2023-02-16 00:48:25,532 - INFO - main - views - disburs seen 
2023-02-16 00:48:25,551 - INFO - main - views - disburs seen 
2023-02-16 00:51:26,859 - INFO - main - views - disburs seen 
2023-02-16 00:51:26,877 - INFO - main - views - disburs seen 
2023-02-16 00:51:33,810 - INFO - main - views - disburs seen 
2023-02-16 00:51:33,826 - INFO - main - views - disburs seen 
2023-02-16 00:51:39,966 - INFO - main - views - disburs seen 
2023-02-16 00:51:39,986 - INFO - main - views - disburs seen 
2023-02-16 01:11:38,888 - INFO - main - views - disburs seen 
2023-02-16 01:11:38,904 - INFO - main - views - disburs seen 
2023-02-16 01:12:06,863 - INFO - main - views - disburs seen 
2023-02-16 01:12:06,882 - INFO - main - views - disburs seen 
2023-02-16 09:47:07,101 - INFO - main - views - disburs seen 
2023-02-16 09:47:07,120 - INFO - main - views - disburs seen 
2023-02-16 09:47:32,753 - INFO - main - views - disburs seen 
2023-02-16 09:47:32,759 - INFO - main - views - disburs seen 
2023-02-16 09:48:54,552 - INFO - main - views - disburs seen 
2023-02-16 09:48:54,570 - INFO - main - views - disburs seen 
2023-02-16 09:48:58,287 - INFO - main - views - disburs seen 
2023-02-16 09:48:58,296 - INFO - main - views - disburs seen 
2023-02-16 09:50:52,301 - INFO - main - views - disburs seen 
2023-02-16 09:50:52,327 - INFO - main - views - disburs seen 
2023-02-16 09:52:44,127 - INFO - main - views - disburs seen 
2023-02-16 09:52:44,166 - INFO - main - views - disburs seen 
2023-02-16 10:13:03,364 - INFO - main - views - disburs seen 
2023-02-16 10:13:03,377 - INFO - main - views - disburs seen 
2023-02-16 10:13:29,170 - INFO - main - views - disburs seen 
2023-02-16 10:13:29,184 - INFO - main - views - disburs seen 
2023-02-16 10:14:01,650 - INFO - main - views - disburs seen 
2023-02-16 10:14:01,675 - INFO - main - views - disburs seen 
2023-02-16 10:45:48,134 - INFO - main - views - disburs seen 
2023-02-16 10:45:48,160 - INFO - main - views - disburs seen 
2023-02-16 10:45:53,965 - INFO - main - views - disburs seen 
2023-02-16 10:45:53,985 - INFO - main - views - disburs seen 
2023-02-16 10:46:20,291 - INFO - main - views - disburs seen 
2023-02-16 10:46:20,310 - INFO - main - views - disburs seen 
2023-02-16 10:46:26,244 - INFO - main - views - disburs seen 
2023-02-16 10:46:26,258 - INFO - main - views - disburs seen 
2023-02-16 10:47:15,885 - INFO - main - views - disburs seen 
2023-02-16 10:47:15,917 - INFO - main - views - disburs seen 
2023-02-16 10:47:19,214 - INFO - main - views - disburs seen 
2023-02-16 10:47:19,236 - INFO - main - views - disburs seen 
2023-02-16 10:47:22,396 - INFO - main - views - disburs seen 
2023-02-16 10:47:22,410 - INFO - main - views - disburs seen 
2023-02-16 10:47:23,969 - INFO - main - views - disburs seen 
2023-02-16 10:47:23,985 - INFO - main - views - disburs seen 
2023-02-16 10:48:02,526 - INFO - main - views - disburs seen 
2023-02-16 10:48:02,549 - INFO - main - views - disburs seen 
2023-02-16 10:48:07,363 - INFO - main - views - disburs seen 
2023-02-16 10:48:07,384 - INFO - main - views - disburs seen 
2023-02-16 11:10:39,683 - INFO - main - views - disburs seen 
2023-02-16 11:10:39,695 - INFO - main - views - disburs seen 
2023-02-16 11:10:46,757 - INFO - main - views - disburs seen 
2023-02-16 11:10:46,789 - INFO - main - views - disburs seen 
2023-02-16 11:13:27,932 - INFO - main - views - disburs seen 
2023-02-16 11:13:28,002 - INFO - main - views - disburs seen 
2023-02-16 11:13:38,909 - INFO - main - views - disburs seen 
2023-02-16 11:13:38,962 - INFO - main - views - disburs seen 
2023-02-16 11:16:27,366 - INFO - main - views - disburs seen 
2023-02-16 11:16:27,443 - INFO - main - views - disburs seen 
2023-02-16 11:17:57,963 - INFO - main - views - disburs seen 
2023-02-16 11:17:58,017 - INFO - main - views - disburs seen 
2023-02-16 11:18:54,595 - INFO - main - views - disburs seen 
2023-02-16 11:18:54,651 - INFO - main - views - disburs seen 
2023-02-16 11:21:56,643 - INFO - main - views - disburs seen 
2023-02-16 11:21:56,683 - INFO - main - views - disburs seen 
2023-02-16 11:22:25,899 - INFO - main - views - disburs seen 
2023-02-16 11:22:25,972 - INFO - main - views - disburs seen 
2023-02-16 12:00:51,377 - INFO - main - views - disburs seen 
2023-02-16 12:00:51,429 - INFO - main - views - disburs seen 
2023-02-16 12:00:52,592 - INFO - main - views - loan seen 
2023-02-16 12:00:52,617 - INFO - main - views - loan seen 
2023-02-16 12:00:54,488 - INFO - main - views - disburs seen 
2023-02-16 12:00:54,534 - INFO - main - views - disburs seen 
2023-02-16 12:00:58,039 - INFO - main - views - disburs seen 
2023-02-16 12:00:58,110 - INFO - main - views - disburs seen 
2023-02-16 12:00:58,907 - INFO - main - views - loan seen 
2023-02-16 12:00:58,949 - INFO - main - views - loan seen 
2023-02-16 14:12:23,915 - INFO - main - views - disburs seen 
2023-02-16 14:12:23,947 - INFO - main - views - disburs seen 
2023-02-16 14:12:25,296 - INFO - main - views - loan seen 
2023-02-16 14:12:25,316 - INFO - main - views - loan seen 
2023-02-16 14:12:30,173 - INFO - main - views - disburs seen 
2023-02-16 14:12:30,196 - INFO - main - views - disburs seen 
2023-02-16 14:15:11,691 - INFO - main - views - disburs seen 
2023-02-16 14:15:11,872 - INFO - main - views - disburs seen 
2023-02-16 14:15:13,629 - INFO - main - views - loan seen 
2023-02-16 14:15:13,653 - INFO - main - views - loan seen 
2023-02-16 14:15:15,339 - INFO - main - views - disburs seen 
2023-02-16 14:15:15,372 - INFO - main - views - disburs seen 
2023-02-16 15:38:09,027 - INFO - main - views - disburs seen 
2023-02-16 15:38:09,059 - INFO - main - views - disburs seen 
2023-02-16 15:38:12,751 - INFO - main - views - disburs seen 
2023-02-16 15:38:12,799 - INFO - main - views - disburs seen 
2023-02-16 16:20:27,043 - INFO - main - views - disburs seen 
2023-02-16 16:20:27,063 - INFO - main - views - disburs seen 
2023-02-16 17:18:54,017 - INFO - main - views - disburs seen 
2023-02-16 17:18:54,040 - INFO - main - views - disburs seen 
2023-02-16 17:18:58,838 - INFO - main - views - disburs seen 
2023-02-16 17:18:58,856 - INFO - main - views - disburs seen 
2023-02-16 17:51:36,271 - INFO - main - views - disburs seen 
2023-02-16 17:51:36,319 - INFO - main - views - disburs seen 
2023-02-16 17:51:37,323 - INFO - main - views - loan seen 
2023-02-16 17:51:37,362 - INFO - main - views - loan seen 
2023-02-16 17:56:40,791 - INFO - main - views - disburs seen 
2023-02-16 17:56:40,826 - INFO - main - views - disburs seen 
2023-02-16 17:56:47,329 - INFO - main - views - disburs seen 
2023-02-16 17:56:47,350 - INFO - main - views - disburs seen 
2023-02-16 17:57:20,179 - INFO - main - views - disburs seen 
2023-02-16 17:57:20,205 - INFO - main - views - disburs seen 
2023-02-16 18:12:07,206 - INFO - main - views - disburs seen 
2023-02-16 18:12:07,232 - INFO - main - views - disburs seen 
2023-02-16 18:12:19,504 - INFO - main - views - disburs seen 
2023-02-16 18:12:19,533 - INFO - main - views - disburs seen 
2023-02-16 19:16:05,390 - INFO - main - views - disburs seen 
2023-02-16 19:16:05,410 - INFO - main - views - disburs seen 
2023-02-16 19:16:12,402 - INFO - main - views - disburs seen 
2023-02-16 19:16:12,503 - INFO - main - views - disburs seen 
2023-02-17 09:07:02,307 - INFO - main - views - disburs seen 
2023-02-17 09:07:02,405 - INFO - main - views - disburs seen 
2023-02-17 09:45:08,775 - INFO - main - views - disburs seen 
2023-02-17 09:45:08,855 - INFO - main - views - disburs seen 
2023-02-17 09:45:14,175 - INFO - main - views - disburs seen 
2023-02-17 09:45:14,193 - INFO - main - views - disburs seen 
2023-02-17 09:56:09,168 - INFO - main - views - disburs seen 
2023-02-17 09:56:09,238 - INFO - main - views - disburs seen 
2023-02-17 10:10:35,955 - INFO - main - views -  
2023-02-17 10:10:43,220 - INFO - main - views - loan view 
2023-02-17 10:15:15,293 - INFO - main - views - loan view 
2023-02-17 10:15:22,691 - INFO - main - views - loan view 
2023-02-17 10:36:36,111 - INFO - main - views - disburs seen 
2023-02-17 10:36:36,127 - INFO - main - views - disburs seen 
2023-02-17 10:36:43,614 - INFO - main - views - disburs seen 
2023-02-17 10:36:43,634 - INFO - main - views - disburs seen 
2023-02-17 10:36:46,457 - INFO - main - views - disburs seen 
2023-02-17 10:36:46,499 - INFO - main - views - disburs seen 
2023-02-17 11:17:42,762 - INFO - main - views - disburs seen 
2023-02-17 11:17:42,799 - INFO - main - views - disburs seen 
2023-02-17 11:29:29,176 - INFO - main - views - disburs seen 
2023-02-17 11:29:29,227 - INFO - main - views - disburs seen 
2023-02-17 11:29:40,205 - INFO - main - views - disburs seen 
2023-02-17 11:29:40,247 - INFO - main - views - disburs seen 
2023-02-17 11:35:03,518 - INFO - main - views - disburs seen 
2023-02-17 11:35:03,558 - INFO - main - views - disburs seen 
2023-02-17 11:35:17,940 - INFO - main - views - disburs seen 
2023-02-17 11:35:18,007 - INFO - main - views - disburs seen 
2023-02-17 11:37:11,128 - INFO - main - views - disburs seen 
2023-02-17 11:37:11,230 - INFO - main - views - disburs seen 
2023-02-17 11:38:48,463 - INFO - main - views - disburs seen 
2023-02-17 11:38:48,582 - INFO - main - views - disburs seen 
2023-02-17 12:33:43,528 - INFO - main - views - disburs seen 
2023-02-17 12:33:43,545 - INFO - main - views - disburs seen 
2023-02-17 14:39:13,711 - INFO - main - views - loan view 
2023-02-17 14:40:19,882 - INFO - main - views - disburs seen 
2023-02-17 14:40:19,930 - INFO - main - views - disburs seen 
2023-02-17 14:49:54,780 - INFO - main - views - disburs seen 
2023-02-17 14:49:54,804 - INFO - main - views - disburs seen 
2023-02-17 14:54:01,539 - INFO - main - views - disburs seen 
2023-02-17 14:54:01,565 - INFO - main - views - disburs seen 
2023-02-17 14:54:46,470 - INFO - main - views - disburs seen 
2023-02-17 14:54:46,491 - INFO - main - views - disburs seen 
2023-02-17 14:57:56,950 - INFO - main - views - disburs seen 
2023-02-17 14:57:56,966 - INFO - main - views - disburs seen 
2023-02-17 15:09:21,110 - INFO - main - views - loan view 
2023-02-17 15:25:35,795 - INFO - main - views - loan view 
2023-02-17 15:29:28,887 - INFO - main - views - loan view 
2023-02-17 15:47:47,246 - INFO - main - views - loan view 
2023-02-17 15:48:00,588 - INFO - main - views - disburs seen 
2023-02-17 15:48:00,655 - INFO - main - views - disburs seen 
2023-02-17 16:00:02,368 - INFO - main - views - disburs seen 
2023-02-17 16:00:02,438 - INFO - main - views - disburs seen 
2023-02-17 16:00:19,367 - INFO - main - views - disburs seen 
2023-02-17 16:00:19,428 - INFO - main - views - disburs seen 
2023-02-17 16:01:41,557 - INFO - main - views - disburs seen 
2023-02-17 16:01:41,597 - INFO - main - views - disburs seen 
2023-02-17 16:03:15,099 - INFO - main - views - disburs seen 
2023-02-17 16:03:15,157 - INFO - main - views - disburs seen 
2023-02-17 16:03:44,418 - INFO - main - views - disburs seen 
2023-02-17 16:03:44,477 - INFO - main - views - disburs seen 
2023-02-17 16:03:48,103 - INFO - main - views - disburs seen 
2023-02-17 16:03:48,145 - INFO - main - views - disburs seen 
2023-02-20 10:00:33,514 - INFO - main - views - loan view 
